Build started 26/01/2016 14:25:42.
     1>Project "D:\projects_collateral\projects\directX\RubicX_01\RubicX_01\RubicX_01.vcxproj" on node 2 (Build target(s)).
     1>ClCompile:
         C:\Program Files (x86)\Microsoft Visual Studio 12.0\VC\bin\CL.exe /c /I"$C:\Program Files (x86)\Microsoft DirectX SDK (June 2010)" /Zi /nologo /W3 /WX- /O2 /Oi /Oy- /GL /D DEPTH_STENCIL /D WIN32 /D NDEBUG /D _CONSOLE /D _UNICODE /D UNICODE /Gm- /EHsc /MD /GS /Gy /fp:precise /Zc:wchar_t /Zc:forScope /Yu"stdafx.h" /Fp"Release\RubicX_01.pch" /Fo"Release\\" /Fd"Release\vc120.pdb" /Gd /TP /analyze- /errorReport:prompt DirectCore.cpp DirectCubeFactory.cpp DirectCubeManager.cpp DirectRubicsCube.cpp DirectSingleCube.cpp RubicsCubeBuilder.cpp RubicX_01.cpp
         DirectCore.cpp
         DirectCubeFactory.cpp
         DirectCubeManager.cpp
         DirectRubicsCube.cpp
         DirectSingleCube.cpp
         RubicsCubeBuilder.cpp
         RubicX_01.cpp
       Link:
         C:\Program Files (x86)\Microsoft Visual Studio 12.0\VC\bin\link.exe /ERRORREPORT:PROMPT /OUT:"D:\projects_collateral\projects\directX\RubicX_01\Release\RubicX_01.exe" /INCREMENTAL:NO /NOLOGO d3d11.lib d3dcompiler.lib dxerr.lib dxguid.lib winmm.lib comctl32.lib MathLib.lib ConfigReader.lib kernel32.lib user32.lib gdi32.lib winspool.lib comdlg32.lib advapi32.lib shell32.lib ole32.lib oleaut32.lib uuid.lib odbc32.lib odbccp32.lib /MANIFEST /MANIFESTUAC:"level='asInvoker' uiAccess='false'" /manifest:embed /DEBUG /PDB:"D:\projects_collateral\projects\directX\RubicX_01\Release\RubicX_01.pdb" /SUBSYSTEM:WINDOWS /OPT:REF /OPT:ICF /LTCG /TLBID:1 /DYNAMICBASE /NXCOMPAT /IMPLIB:"D:\projects_collateral\projects\directX\RubicX_01\Release\RubicX_01.lib" /MACHINE:X86 /SAFESEH Release\DirectCore.obj
         Release\DirectCubeFactory.obj
         Release\DirectCubeManager.obj
         Release\DirectFactory.obj
         Release\DirectGeometricPrimitiveWrapper.obj
         Release\DirectRubicsCube.obj
         Release\DirectSingleCube.obj
         Release\GeometricPrimitiveCustom.obj
         Release\MouseHandler.obj
         Release\RubicsCubeBuilder.obj
         Release\RubicX_01.obj
         Release\stdafx.obj
         D:\projects_collateral\projects\directX\RubicX_01\DirectXTK\Bin\Desktop_2012\Win32\Release\DirectXTK.lib
         Generating code
         Finished generating code
         RubicX_01.vcxproj -> D:\projects_collateral\projects\directX\RubicX_01\Release\RubicX_01.exe
     1>Done Building Project "D:\projects_collateral\projects\directX\RubicX_01\RubicX_01\RubicX_01.vcxproj" (Build target(s)).

Build succeeded.

Time Elapsed 00:00:11.22
