d:\dev_soft\own\directx\cube_v2.0\rubicx_01\debug\rubicx_01.pch
d:\dev_soft\own\directx\cube_v2.0\rubicx_01\debug\vc120.pdb
d:\dev_soft\own\directx\cube_v2.0\rubicx_01\debug\vc120.idb
d:\dev_soft\own\directx\cube_v2.0\rubicx_01\debug\stdafx.obj
d:\dev_soft\own\directx\cube_v2.0\rubicx_01\debug\directcore.obj
d:\dev_soft\own\directx\cube_v2.0\rubicx_01\debug\directtimer.obj
d:\dev_soft\own\directx\cube_v2.0\rubicx_01\debug\directcustomprimitivefunctions.obj
d:\dev_soft\own\directx\cube_v2.0\rubicx_01\debug\directeffectwrapper.obj
d:\dev_soft\own\directx\cube_v2.0\rubicx_01\debug\directfactory.obj
d:\dev_soft\own\directx\cube_v2.0\rubicx_01\debug\directgeometry.obj
d:\dev_soft\own\directx\cube_v2.0\rubicx_01\debug\directsharedfunctions.obj
d:\dev_soft\own\directx\cube_v2.0\rubicx_01\debug\directcustomprimitivegeometry.obj
d:\dev_soft\own\directx\cube_v2.0\rubicx_01\debug\directtextureholder.obj
d:\dev_soft\own\directx\cube_v2.0\rubicx_01\debug\directviewprojectionwrapper.obj
d:\dev_soft\own\directx\cube_v2.0\rubicx_01\debug\customprimitivecubeinfo.obj
d:\dev_soft\own\directx\cube_v2.0\rubicx_01\debug\rubicscubebuilder.obj
d:\dev_soft\own\directx\cube_v2.0\rubicx_01\debug\rubicscubefactory.obj
d:\dev_soft\own\directx\cube_v2.0\rubicx_01\debug\rubicscubemanager.obj
d:\dev_soft\own\directx\cube_v2.0\rubicx_01\debug\rubicsmousehandler.obj
d:\dev_soft\own\directx\cube_v2.0\rubicx_01\debug\rubicssinglecube.obj
d:\dev_soft\own\directx\cube_v2.0\rubicx_01\debug\rubicx_01.obj
d:\dev_soft\own\directx\cube_v2.0\rubicx_01\debug\rubicscube.obj
d:\dev_soft\own\directx\cube_v2.0\debug\rubicx_01.ilk
d:\dev_soft\own\directx\cube_v2.0\debug\rubicx_01.exe
d:\dev_soft\own\directx\cube_v2.0\debug\rubicx_01.pdb
d:\dev_soft\own\directx\cube_v2.0\rubicx_01\debug\rubicx_01.vcxprojresolveassemblyreference.cache
d:\dev_soft\own\directx\cube_v2.0\rubicx_01\debug\rubicx_01.tlog\cl.command.1.tlog
d:\dev_soft\own\directx\cube_v2.0\rubicx_01\debug\rubicx_01.tlog\cl.read.1.tlog
d:\dev_soft\own\directx\cube_v2.0\rubicx_01\debug\rubicx_01.tlog\cl.write.1.tlog
d:\dev_soft\own\directx\cube_v2.0\rubicx_01\debug\rubicx_01.tlog\link.command.1.tlog
d:\dev_soft\own\directx\cube_v2.0\rubicx_01\debug\rubicx_01.tlog\link.read.1.tlog
d:\dev_soft\own\directx\cube_v2.0\rubicx_01\debug\rubicx_01.tlog\link.write.1.tlog
