Build started 14/10/2015 16:39:50.
     1>Project "D:\projects_collateral\projects\directX\RubicX_01\RubicX_01\RubicX_01.vcxproj" on node 2 (Build target(s)).
     1>Link:
         C:\Program Files (x86)\Microsoft Visual Studio 12.0\VC\bin\link.exe /ERRORREPORT:PROMPT /OUT:"D:\projects_collateral\projects\directX\RubicX_01\Debug\RubicX_01.exe" /INCREMENTAL /NOLOGO d3d11.lib d3dcompiler.lib d3dx11d.lib d3dx9d.lib dxerr.lib dxguid.lib winmm.lib comctl32.lib MathLib.lib ConfigReader.lib kernel32.lib user32.lib gdi32.lib winspool.lib comdlg32.lib advapi32.lib shell32.lib ole32.lib oleaut32.lib uuid.lib odbc32.lib odbccp32.lib /MANIFEST /MANIFESTUAC:"level='asInvoker' uiAccess='false'" /manifest:embed /DEBUG /PDB:"D:\projects_collateral\projects\directX\RubicX_01\Debug\RubicX_01.pdb" /SUBSYSTEM:WINDOWS /TLBID:1 /DYNAMICBASE /NXCOMPAT /IMPLIB:"D:\projects_collateral\projects\directX\RubicX_01\Debug\RubicX_01.lib" /MACHINE:X86 Debug\DirectCore.obj
         Debug\DirectCubeFactory.obj
         Debug\DirectCubeManager.obj
         Debug\DirectRubicsCube.obj
         Debug\DirectSingleCube.obj
         Debug\GeometricPrimitiveCustom.obj
         Debug\MouseHandler.obj
         Debug\RubicX_01.obj
         Debug\stdafx.obj
         D:\projects_collateral\projects\directX\RubicX_01\DirectXTK\Bin\Desktop_2012\Win32\Debug\DirectXTK.lib
     1>MathLib.lib(rcbCubeState.obj) : warning LNK4099: PDB 'vc120.pdb' was not found with 'MathLib.lib(rcbCubeState.obj)' or at 'D:\projects_collateral\projects\directX\RubicX_01\Debug\vc120.pdb'; linking object as if no debug info
     1>MathLib.lib(rcbLine3D.obj) : warning LNK4099: PDB 'vc120.pdb' was not found with 'MathLib.lib(rcbLine3D.obj)' or at 'D:\projects_collateral\projects\directX\RubicX_01\Debug\vc120.pdb'; linking object as if no debug info
     1>MathLib.lib(rcbPlane.obj) : warning LNK4099: PDB 'vc120.pdb' was not found with 'MathLib.lib(rcbPlane.obj)' or at 'D:\projects_collateral\projects\directX\RubicX_01\Debug\vc120.pdb'; linking object as if no debug info
     1>MathLib.lib(rcbPlaneForScreen.obj) : warning LNK4099: PDB 'vc120.pdb' was not found with 'MathLib.lib(rcbPlaneForScreen.obj)' or at 'D:\projects_collateral\projects\directX\RubicX_01\Debug\vc120.pdb'; linking object as if no debug info
     1>MathLib.lib(rcbSphere.obj) : warning LNK4099: PDB 'vc120.pdb' was not found with 'MathLib.lib(rcbSphere.obj)' or at 'D:\projects_collateral\projects\directX\RubicX_01\Debug\vc120.pdb'; linking object as if no debug info
     1>MathLib.lib(rcbUnitVector3D.obj) : warning LNK4099: PDB 'vc120.pdb' was not found with 'MathLib.lib(rcbUnitVector3D.obj)' or at 'D:\projects_collateral\projects\directX\RubicX_01\Debug\vc120.pdb'; linking object as if no debug info
     1>MathLib.lib(rcbVector3D.obj) : warning LNK4099: PDB 'vc120.pdb' was not found with 'MathLib.lib(rcbVector3D.obj)' or at 'D:\projects_collateral\projects\directX\RubicX_01\Debug\vc120.pdb'; linking object as if no debug info
         RubicX_01.vcxproj -> D:\projects_collateral\projects\directX\RubicX_01\Debug\RubicX_01.exe
     1>Done Building Project "D:\projects_collateral\projects\directX\RubicX_01\RubicX_01\RubicX_01.vcxproj" (Build target(s)).

Build succeeded.

Time Elapsed 00:00:00.50
