d:\projects_collateral\projects\directx\rubicx_01\directxtk\bin\desktop_2012\win32\release\directxtk.pch
d:\projects_collateral\projects\directx\rubicx_01\directxtk\bin\desktop_2012\win32\release\directxtk.pdb
d:\projects_collateral\projects\directx\rubicx_01\directxtk\bin\desktop_2012\win32\release\pch.obj
d:\projects_collateral\projects\directx\rubicx_01\directxtk\bin\desktop_2012\win32\release\skinnedeffect.obj
d:\projects_collateral\projects\directx\rubicx_01\directxtk\bin\desktop_2012\win32\release\simplemath.obj
d:\projects_collateral\projects\directx\rubicx_01\directxtk\bin\desktop_2012\win32\release\screengrab.obj
d:\projects_collateral\projects\directx\rubicx_01\directxtk\bin\desktop_2012\win32\release\modelloadvbo.obj
d:\projects_collateral\projects\directx\rubicx_01\directxtk\bin\desktop_2012\win32\release\modelloadsdkmesh.obj
d:\projects_collateral\projects\directx\rubicx_01\directxtk\bin\desktop_2012\win32\release\modelloadcmo.obj
d:\projects_collateral\projects\directx\rubicx_01\directxtk\bin\desktop_2012\win32\release\model.obj
d:\projects_collateral\projects\directx\rubicx_01\directxtk\bin\desktop_2012\win32\release\geometricprimitive.obj
d:\projects_collateral\projects\directx\rubicx_01\directxtk\bin\desktop_2012\win32\release\gamepad.obj
d:\projects_collateral\projects\directx\rubicx_01\directxtk\bin\desktop_2012\win32\release\environmentmapeffect.obj
d:\projects_collateral\projects\directx\rubicx_01\directxtk\bin\desktop_2012\win32\release\effectfactory.obj
d:\projects_collateral\projects\directx\rubicx_01\directxtk\bin\desktop_2012\win32\release\effectcommon.obj
d:\projects_collateral\projects\directx\rubicx_01\directxtk\bin\desktop_2012\win32\release\binaryreader.obj
d:\projects_collateral\projects\directx\rubicx_01\directxtk\bin\desktop_2012\win32\release\dualtextureeffect.obj
d:\projects_collateral\projects\directx\rubicx_01\directxtk\bin\desktop_2012\win32\release\dgsleffectfactory.obj
d:\projects_collateral\projects\directx\rubicx_01\directxtk\bin\desktop_2012\win32\release\dgsleffect.obj
d:\projects_collateral\projects\directx\rubicx_01\directxtk\bin\desktop_2012\win32\release\ddstextureloader.obj
d:\projects_collateral\projects\directx\rubicx_01\directxtk\bin\desktop_2012\win32\release\commonstates.obj
d:\projects_collateral\projects\directx\rubicx_01\directxtk\bin\desktop_2012\win32\release\basiceffect.obj
d:\projects_collateral\projects\directx\rubicx_01\directxtk\bin\desktop_2012\win32\release\alphatesteffect.obj
d:\projects_collateral\projects\directx\rubicx_01\directxtk\bin\desktop_2012\win32\release\wictextureloader.obj
d:\projects_collateral\projects\directx\rubicx_01\directxtk\bin\desktop_2012\win32\release\vertextypes.obj
d:\projects_collateral\projects\directx\rubicx_01\directxtk\bin\desktop_2012\win32\release\spritefont.obj
d:\projects_collateral\projects\directx\rubicx_01\directxtk\bin\desktop_2012\win32\release\primitivebatch.obj
d:\projects_collateral\projects\directx\rubicx_01\directxtk\bin\desktop_2012\win32\release\spritebatch.obj
d:\projects_collateral\projects\directx\rubicx_01\directxtk\bin\desktop_2012\win32\release\directxtk.lib
d:\projects_collateral\projects\directx\rubicx_01\directxtk\bin\desktop_2012\win32\release\directxt.e0b52ae7.tlog\cl.command.1.tlog
d:\projects_collateral\projects\directx\rubicx_01\directxtk\bin\desktop_2012\win32\release\directxt.e0b52ae7.tlog\cl.read.1.tlog
d:\projects_collateral\projects\directx\rubicx_01\directxtk\bin\desktop_2012\win32\release\directxt.e0b52ae7.tlog\cl.write.1.tlog
d:\projects_collateral\projects\directx\rubicx_01\directxtk\bin\desktop_2012\win32\release\directxt.e0b52ae7.tlog\lib-link.read.1.tlog
d:\projects_collateral\projects\directx\rubicx_01\directxtk\bin\desktop_2012\win32\release\directxt.e0b52ae7.tlog\lib-link.write.1.tlog
d:\projects_collateral\projects\directx\rubicx_01\directxtk\bin\desktop_2012\win32\release\directxt.e0b52ae7.tlog\lib.command.1.tlog
